<?xml version="1.0" encoding="UTF-8"?>
<testng-results skipped="0" failed="0" ignored="0" total="1" passed="1">
  <reporter-output>
  </reporter-output>
  <suite name="Default suite" duration-ms="72908" started-at="2018-11-16T13:01:31Z" finished-at="2018-11-16T13:02:44Z">
    <groups>
    </groups>
    <test name="Default test" duration-ms="72908" started-at="2018-11-16T13:01:31Z" finished-at="2018-11-16T13:02:44Z">
      <class name="testcases.SearchFareAndPrint">
        <test-method status="PASS" signature="setUP()[pri:0, instance:testcases.SearchFareAndPrint@1a968a59]" name="setUP" is-config="true" duration-ms="17390" started-at="2018-11-16T13:01:32Z" finished-at="2018-11-16T13:01:49Z">
          <reporter-output>
          </reporter-output>
        </test-method> <!-- setUP -->
        <test-method status="PASS" signature="EnterDetails()[pri:0, instance:testcases.SearchFareAndPrint@1a968a59]" name="EnterDetails" duration-ms="55485" started-at="2018-11-16T13:01:49Z" finished-at="2018-11-16T13:02:44Z">
          <reporter-output>
          </reporter-output>
        </test-method> <!-- EnterDetails -->
      </class> <!-- testcases.SearchFareAndPrint -->
    </test> <!-- Default test -->
  </suite> <!-- Default suite -->
</testng-results>
